<?xml version="1.0" encoding="UTF-8"?>
<testng-results skipped="0" failed="0" ignored="0" total="1" passed="1">
  <reporter-output>
  </reporter-output>
  <suite name="Suite" duration-ms="8628" started-at="2021-01-05T21:51:45 IST" finished-at="2021-01-05T21:51:54 IST">
    <groups>
    </groups>
    <test name="Test" duration-ms="8628" started-at="2021-01-05T21:51:45 IST" finished-at="2021-01-05T21:51:54 IST">
      <class name="PageTests.HomePage">
        <test-method status="PASS" signature="launchApp()[pri:0, instance:PageTests.HomePage@12b0404f]" name="launchApp" duration-ms="8448" started-at="2021-01-05T21:51:45 IST" finished-at="2021-01-05T21:51:54 IST">
          <reporter-output>
          </reporter-output>
        </test-method> <!-- launchApp -->
      </class> <!-- PageTests.HomePage -->
    </test> <!-- Test -->
  </suite> <!-- Suite -->
</testng-results>
